Using pre-set license
Built from '2021.1/staging' branch; Version is '2021.1.13f1 (a03098edbbe0) revision 10498200'; Using compiler version '192528614'; Build Type 'Release'
OS: 'Windows 10 Home; OS build 19042.1237; Version 2009; 64bit' Language: 'en' Physical Memory: 8148 MB
BatchMode: 1, IsHumanControllingUs: 0, StartBugReporterOnCrash: 0, Is64bit: 1, IsPro: 0

 COMMAND LINE ARGUMENTS:
D:\Program Files (x86)\2021.1.13f1\Editor\Unity.exe
-adb2
-batchMode
-noUpm
-name
AssetImportWorker0
-projectPath
D:/Documents/GitHub/MonJam921
-logFile
Logs/AssetImportWorker0.log
-srvPort
13141
Successfully changed project path to: D:/Documents/GitHub/MonJam921
D:/Documents/GitHub/MonJam921
Using Asset Import Pipeline V2.
Refreshing native plugins compatible for Editor in 182.88 ms, found 4 plugins.
Preloading 0 native plugins for Editor in 0.00 ms.
Initialize engine version: 2021.1.13f1 (a03098edbbe0)
[Subsystems] Discovering subsystems at path D:/Program Files (x86)/2021.1.13f1/Editor/Data/Resources/UnitySubsystems
[Subsystems] Discovering subsystems at path D:/Documents/GitHub/MonJam921/Assets
GfxDevice: creating device client; threaded=0; jobified=0
Direct3D:
    Version:  Direct3D 11.0 [level 11.1]
    Renderer: NVIDIA GeForce GTX 1660 SUPER (ID=0x21c4)
    Vendor:   NVIDIA
    VRAM:     5991 MB
    Driver:   27.21.14.6677
Initialize mono
Mono path[0] = 'D:/Program Files (x86)/2021.1.13f1/Editor/Data/Managed'
Mono path[1] = 'D:/Program Files (x86)/2021.1.13f1/Editor/Data/MonoBleedingEdge/lib/mono/unityjit'
Mono config path = 'D:/Program Files (x86)/2021.1.13f1/Editor/Data/MonoBleedingEdge/etc'
Using monoOptions --debugger-agent=transport=dt_socket,embedding=1,server=y,suspend=n,address=127.0.0.1:56300
Begin MonoManager ReloadAssembly
Registering precompiled unity dll's ...
Register platform support module: D:/Program Files (x86)/2021.1.13f1/Editor/Data/PlaybackEngines/WindowsStandaloneSupport/UnityEditor.WindowsStandalone.Extensions.dll
Registered in 0.002090 seconds.
Native extension for WindowsStandalone target not found
Refreshing native plugins compatible for Editor in 185.59 ms, found 4 plugins.
Preloading 0 native plugins for Editor in 0.00 ms.
Mono: successfully reloaded assembly
- Completed reload, in  3.028 seconds
Domain Reload Profiling:
	ReloadAssembly (3028ms)
		BeginReloadAssembly (87ms)
			ExecutionOrderSort (0ms)
			DisableScriptedObjects (0ms)
			BackupInstance (0ms)
			ReleaseScriptingObjects (0ms)
			CreateAndSetChildDomain (1ms)
		EndReloadAssembly (935ms)
			LoadAssemblies (85ms)
			RebuildTransferFunctionScriptingTraits (0ms)
			SetupTypeCache (364ms)
			ReleaseScriptCaches (0ms)
			RebuildScriptCaches (58ms)
			SetupLoadedEditorAssemblies (434ms)
				LogAssemblyErrors (0ms)
				InitializePlatformSupportModulesInManaged (11ms)
				SetLoadedEditorAssemblies (0ms)
				RefreshPlugins (186ms)
				BeforeProcessingInitializeOnLoad (3ms)
				ProcessInitializeOnLoadAttributes (175ms)
				ProcessInitializeOnLoadMethodAttributes (59ms)
				AfterProcessingInitializeOnLoad (0ms)
				EditorAssembliesLoaded (0ms)
			ExecutionOrderSort2 (0ms)
			AwakeInstancesAfterBackupRestoration (0ms)
Platform modules already initialized, skipping
Registering precompiled user dll's ...
Registered in 0.007611 seconds.
Begin MonoManager ReloadAssembly
Symbol file LoadedFromMemory doesn't match image D:\Documents\GitHub\MonJam921\Library\PackageCache\com.unity.visualscripting@1.6.1\Editor\VisualScripting.Core\Dependencies\YamlDotNet\Unity.VisualScripting.YamlDotNet.dll
Symbol file LoadedFromMemory doesn't match image D:\Documents\GitHub\MonJam921\Library\PackageCache\com.unity.visualscripting@1.6.1\Editor\VisualScripting.Core\Dependencies\DotNetZip\Unity.VisualScripting.IonicZip.dll
Native extension for WindowsStandalone target not found
Refreshing native plugins compatible for Editor in 179.53 ms, found 4 plugins.
Preloading 0 native plugins for Editor in 0.00 ms.
Mono: successfully reloaded assembly
- Completed reload, in  2.379 seconds
Domain Reload Profiling:
	ReloadAssembly (2380ms)
		BeginReloadAssembly (275ms)
			ExecutionOrderSort (0ms)
			DisableScriptedObjects (9ms)
			BackupInstance (0ms)
			ReleaseScriptingObjects (0ms)
			CreateAndSetChildDomain (35ms)
		EndReloadAssembly (1993ms)
			LoadAssemblies (164ms)
			RebuildTransferFunctionScriptingTraits (0ms)
			SetupTypeCache (750ms)
			ReleaseScriptCaches (1ms)
			RebuildScriptCaches (109ms)
			SetupLoadedEditorAssemblies (790ms)
				LogAssemblyErrors (0ms)
				InitializePlatformSupportModulesInManaged (6ms)
				SetLoadedEditorAssemblies (0ms)
				RefreshPlugins (180ms)
				BeforeProcessingInitializeOnLoad (153ms)
				ProcessInitializeOnLoadAttributes (417ms)
				ProcessInitializeOnLoadMethodAttributes (28ms)
				AfterProcessingInitializeOnLoad (5ms)
				EditorAssembliesLoaded (0ms)
			ExecutionOrderSort2 (0ms)
			AwakeInstancesAfterBackupRestoration (12ms)
Platform modules already initialized, skipping
========================================================================
Worker process is ready to serve import requests
Launched and connected shader compiler UnityShaderCompiler.exe after 0.08 seconds
Refreshing native plugins compatible for Editor in 1.35 ms, found 4 plugins.
Preloading 0 native plugins for Editor in 0.00 ms.
Unloading 3677 Unused Serialized files (Serialized files now loaded: 0)
System memory in use before: 209.0 MB.
System memory in use after: 209.2 MB.

Unloading 30 unused Assets to reduce memory usage. Loaded Objects now: 4133.
Total: 7.850600 ms (FindLiveObjects: 0.834600 ms CreateObjectMapping: 0.275200 ms MarkObjects: 6.607600 ms  DeleteObjects: 0.129900 ms)

AssetImportParameters requested are different than current active one (requested -> active):
  custom:framework-win-MediaFoundation: 216162199b28c13a410421893ffa2e32 -> 
  custom:video-decoder-ogg-theora: a1e56fd34408186e4bbccfd4996cb3dc -> 
  custom:container-muxer-webm: aa71ff27fc2769a1b78a27578f13a17b -> 
  custom:container-demuxer-webm: 4f35f7cbe854078d1ac9338744f61a02 -> 
  custom:container-demuxer-ogg: 62fdf1f143b41e24485cea50d1cbac27 -> 
  custom:video-encoder-webm-vp8: eb34c28f22e8b96e1ab97ce403110664 -> 
  custom:video-decoder-webm-vp8: 9c59270c3fd7afecdb556c50c9e8de78 -> 
  custom:audio-decoder-ogg-vorbis: bf7c407c2cedff20999df2af8eb42d56 -> 
  custom:audio-encoder-webm-vorbis: bf7c407c2cedff20999df2af8eb42d56 -> 
========================================================================
Received Import Request.
  path: Assets/Resources/GRAPH-20210923T073324Z-001/GRAPH/other/hat.png
  artifactKey: Guid(36c3b872c471fae40a1f16e610d6e327) Importer(815301076,1909f56bfc062723c751e8b465ee728b)
Start importing Assets/Resources/GRAPH-20210923T073324Z-001/GRAPH/other/hat.png using Guid(36c3b872c471fae40a1f16e610d6e327) Importer(815301076,1909f56bfc062723c751e8b465ee728b)  -> (artifact id: '77dfabf054fb96c608a967796c193367') in 0.241799 seconds 
========================================================================
Received Import Request.
  Time since last request: 0.000304 seconds.
  path: Assets/Resources/GRAPH-20210923T073324Z-001/GRAPH/other
  artifactKey: Guid(44969fbc3046e7e4dba7d4dfc18a262f) Importer(815301076,1909f56bfc062723c751e8b465ee728b)
Start importing Assets/Resources/GRAPH-20210923T073324Z-001/GRAPH/other using Guid(44969fbc3046e7e4dba7d4dfc18a262f) Importer(815301076,1909f56bfc062723c751e8b465ee728b)  -> (artifact id: 'a93eab9d52d02d52e33dacf8eda95ee5') in 0.046304 seconds 
========================================================================
Received Import Request.
  Time since last request: 0.000246 seconds.
  path: Assets/Resources/Textures/Player/PlayerIcon.png
  artifactKey: Guid(ad47193d92d4905499647ddd5217f98f) Importer(815301076,1909f56bfc062723c751e8b465ee728b)
Start importing Assets/Resources/Textures/Player/PlayerIcon.png using Guid(ad47193d92d4905499647ddd5217f98f) Importer(815301076,1909f56bfc062723c751e8b465ee728b)  -> (artifact id: '2d30f8a1df83c5623affa031ba2b0699') in 0.032859 seconds 
========================================================================
Received Import Request.
  Time since last request: 0.000449 seconds.
  path: Assets/Resources/GRAPH-20210923T073324Z-001/GRAPH/other/bubble.png
  artifactKey: Guid(8e32037808fde48489b1abfec78cde9f) Importer(815301076,1909f56bfc062723c751e8b465ee728b)
Start importing Assets/Resources/GRAPH-20210923T073324Z-001/GRAPH/other/bubble.png using Guid(8e32037808fde48489b1abfec78cde9f) Importer(815301076,1909f56bfc062723c751e8b465ee728b)  -> (artifact id: 'e95693a5c923fd7544d7a9d4befcafe6') in 0.040086 seconds 
========================================================================
Received Import Request.
  Time since last request: 0.000316 seconds.
  path: Assets/Resources/GRAPH-20210923T073324Z-001/GRAPH/other/crumpledPaper.jpg
  artifactKey: Guid(fe338bf8cb6af6d45bb7832c8ca9e015) Importer(815301076,1909f56bfc062723c751e8b465ee728b)
Start importing Assets/Resources/GRAPH-20210923T073324Z-001/GRAPH/other/crumpledPaper.jpg using Guid(fe338bf8cb6af6d45bb7832c8ca9e015) Importer(815301076,1909f56bfc062723c751e8b465ee728b)  -> (artifact id: '2993fcf8c491cb44bc51c81962ba8ffb') in 0.089951 seconds 
========================================================================
Received Import Request.
  Time since last request: 0.000290 seconds.
  path: Assets/Resources/GRAPH-20210923T073324Z-001/GRAPH/other/debufIcone.png
  artifactKey: Guid(527712d9d3c1c0248ae6310dcd87eae5) Importer(815301076,1909f56bfc062723c751e8b465ee728b)
Start importing Assets/Resources/GRAPH-20210923T073324Z-001/GRAPH/other/debufIcone.png using Guid(527712d9d3c1c0248ae6310dcd87eae5) Importer(815301076,1909f56bfc062723c751e8b465ee728b)  -> (artifact id: 'fc00d7759d88810f7792d04c6cd9a4fd') in 0.038869 seconds 
========================================================================
Received Import Request.
  Time since last request: 0.000344 seconds.
  path: Assets/Resources/Textures/Player/ActionFrog.png
  artifactKey: Guid(0911a79f6b8d2fb4dad466efac654360) Importer(815301076,1909f56bfc062723c751e8b465ee728b)
Start importing Assets/Resources/Textures/Player/ActionFrog.png using Guid(0911a79f6b8d2fb4dad466efac654360) Importer(815301076,1909f56bfc062723c751e8b465ee728b)  -> (artifact id: 'c0f166f0f925dfd9abb28cc0cb1e4650') in 0.047062 seconds 
========================================================================
Received Import Request.
  Time since last request: 0.000311 seconds.
  path: Assets/Resources/GRAPH-20210923T073324Z-001/GRAPH/other/cloud.png
  artifactKey: Guid(145c3f090d3d3a14db058a795bcc15e0) Importer(815301076,1909f56bfc062723c751e8b465ee728b)
Start importing Assets/Resources/GRAPH-20210923T073324Z-001/GRAPH/other/cloud.png using Guid(145c3f090d3d3a14db058a795bcc15e0) Importer(815301076,1909f56bfc062723c751e8b465ee728b)  -> (artifact id: '47df1c6586c82af3c0558da6a9890fe9') in 0.034094 seconds 
========================================================================
Received Import Request.
  Time since last request: 7.934138 seconds.
  path: Assets/Resources/Prefabs/Controllers/UI/UIController.prefab
  artifactKey: Guid(19a2aeced17add6478e81ace314e2d65) Importer(815301076,1909f56bfc062723c751e8b465ee728b)
Start importing Assets/Resources/Prefabs/Controllers/UI/UIController.prefab using Guid(19a2aeced17add6478e81ace314e2d65) Importer(815301076,1909f56bfc062723c751e8b465ee728b)  -> (artifact id: '1678a04eb3f97a6c3865721b7d84bbf6') in 0.040509 seconds 
========================================================================
Received Import Request.
  Time since last request: 83.799581 seconds.
  path: Assets/Resources/Prefabs/Interactables/goal/Clock.prefab
  artifactKey: Guid(df54c6a718836d940938217cd886db3f) Importer(815301076,1909f56bfc062723c751e8b465ee728b)
Start importing Assets/Resources/Prefabs/Interactables/goal/Clock.prefab using Guid(df54c6a718836d940938217cd886db3f) Importer(815301076,1909f56bfc062723c751e8b465ee728b)  -> (artifact id: '97426b410e5e910b03b9e91e715817a9') in 0.084331 seconds 
========================================================================
Received Import Request.
  Time since last request: 0.000354 seconds.
  path: Assets/Resources/Prefabs/Player/Clone.prefab
  artifactKey: Guid(add93bedef7dabf46be05398f1b6090a) Importer(815301076,1909f56bfc062723c751e8b465ee728b)
Start importing Assets/Resources/Prefabs/Player/Clone.prefab using Guid(add93bedef7dabf46be05398f1b6090a) Importer(815301076,1909f56bfc062723c751e8b465ee728b)  -> (artifact id: '302ba3c10d3a8d2bff0f765534b72d11') in 0.071951 seconds 
========================================================================
Received Import Request.
  Time since last request: 0.000327 seconds.
  path: Assets/Resources/Prefabs/Interactables/Switch/Force Switch.prefab
  artifactKey: Guid(910ae0caf81c28b4b80dca69c2fa56dd) Importer(815301076,1909f56bfc062723c751e8b465ee728b)
Start importing Assets/Resources/Prefabs/Interactables/Switch/Force Switch.prefab using Guid(910ae0caf81c28b4b80dca69c2fa56dd) Importer(815301076,1909f56bfc062723c751e8b465ee728b) Asset 'Switch': Transition 'Switch Disabled -> Exit' in state 'Switch Disabled' doesn't have an Exit Time or any condition, transition will be ignored
UnityEngine.StackTraceUtility:ExtractStackTrace ()
UnityEditor.EditorUtility:Internal_InstantiateRemoveAllNonAnimationComponentsSingle (UnityEngine.Object,UnityEngine.Vector3,UnityEngine.Quaternion)
UnityEditor.EditorUtility:InstantiateRemoveAllNonAnimationComponents (UnityEngine.Object,UnityEngine.Vector3,UnityEngine.Quaternion)
UnityEditor.EditorUtility:InstantiateForAnimatorPreview (UnityEngine.Object)
UnityEditor.GameObjectInspector/PreviewData:UpdateGameObject (UnityEngine.Object)
UnityEditor.GameObjectInspector/PreviewData:.ctor (UnityEngine.Object)
UnityEditor.GameObjectInspector:GetPreviewData ()
UnityEditor.GameObjectInspector:RenderStaticPreview (string,UnityEngine.Object[],int,int)
UnityEditor.AssetPreviewUpdater:CreatePreview (UnityEngine.Object,UnityEngine.Object[],string,int,int)
UnityEditor.AssetPreviewUpdater:CreatePreviewForAsset (UnityEngine.Object,UnityEngine.Object[],string)

[C:\buildslave\unity\build\Editor/Src/Animation/StateMachine.cpp line 1847]

Asset 'Switch': Transition 'Switch Enabled -> Exit' in state 'Switch Enabled' doesn't have an Exit Time or any condition, transition will be ignored
UnityEngine.StackTraceUtility:ExtractStackTrace ()
UnityEditor.EditorUtility:Internal_InstantiateRemoveAllNonAnimationComponentsSingle (UnityEngine.Object,UnityEngine.Vector3,UnityEngine.Quaternion)
UnityEditor.EditorUtility:InstantiateRemoveAllNonAnimationComponents (UnityEngine.Object,UnityEngine.Vector3,UnityEngine.Quaternion)
UnityEditor.EditorUtility:InstantiateForAnimatorPreview (UnityEngine.Object)
UnityEditor.GameObjectInspector/PreviewData:UpdateGameObject (UnityEngine.Object)
UnityEditor.GameObjectInspector/PreviewData:.ctor (UnityEngine.Object)
UnityEditor.GameObjectInspector:GetPreviewData ()
UnityEditor.GameObjectInspector:RenderStaticPreview (string,UnityEngine.Object[],int,int)
UnityEditor.AssetPreviewUpdater:CreatePreview (UnityEngine.Object,UnityEngine.Object[],string,int,int)
UnityEditor.AssetPreviewUpdater:CreatePreviewForAsset (UnityEngine.Object,UnityEngine.Object[],string)

[C:\buildslave\unity\build\Editor/Src/Animation/StateMachine.cpp line 1847]

 -> (artifact id: '4aeb379116def9468cfb28a418066aa5') in 0.031552 seconds 
========================================================================
Received Import Request.
  Time since last request: 0.000294 seconds.
  path: Assets/Resources/Prefabs/Player/Player.prefab
  artifactKey: Guid(5a4a5237941729741850b6881e1abdff) Importer(815301076,1909f56bfc062723c751e8b465ee728b)
Start importing Assets/Resources/Prefabs/Player/Player.prefab using Guid(5a4a5237941729741850b6881e1abdff) Importer(815301076,1909f56bfc062723c751e8b465ee728b)  -> (artifact id: '0debefddc55b0708464e64ea4067f866') in 0.044793 seconds 
========================================================================
Received Import Request.
  Time since last request: 0.000309 seconds.
  path: Assets/Resources/Prefabs/Controllers/UI/UIController.prefab
  artifactKey: Guid(19a2aeced17add6478e81ace314e2d65) Importer(815301076,1909f56bfc062723c751e8b465ee728b)
Start importing Assets/Resources/Prefabs/Controllers/UI/UIController.prefab using Guid(19a2aeced17add6478e81ace314e2d65) Importer(815301076,1909f56bfc062723c751e8b465ee728b)  -> (artifact id: '6f6178445c87f8c4c2d1891910376ab5') in 0.007676 seconds 
========================================================================
Received Prepare
Registering precompiled user dll's ...
Registered in 0.006522 seconds.
Begin MonoManager ReloadAssembly
Symbol file LoadedFromMemory doesn't match image D:\Documents\GitHub\MonJam921\Library\PackageCache\com.unity.visualscripting@1.6.1\Editor\VisualScripting.Core\Dependencies\YamlDotNet\Unity.VisualScripting.YamlDotNet.dll
Symbol file LoadedFromMemory doesn't match image D:\Documents\GitHub\MonJam921\Library\PackageCache\com.unity.visualscripting@1.6.1\Editor\VisualScripting.Core\Dependencies\DotNetZip\Unity.VisualScripting.IonicZip.dll
Native extension for WindowsStandalone target not found
Refreshing native plugins compatible for Editor in 1.27 ms, found 4 plugins.
Preloading 0 native plugins for Editor in 0.00 ms.
Mono: successfully reloaded assembly
- Completed reload, in  1.953 seconds
Domain Reload Profiling:
	ReloadAssembly (1953ms)
		BeginReloadAssembly (195ms)
			ExecutionOrderSort (0ms)
			DisableScriptedObjects (10ms)
			BackupInstance (0ms)
			ReleaseScriptingObjects (0ms)
			CreateAndSetChildDomain (69ms)
		EndReloadAssembly (1647ms)
			LoadAssemblies (154ms)
			RebuildTransferFunctionScriptingTraits (0ms)
			SetupTypeCache (691ms)
			ReleaseScriptCaches (2ms)
			RebuildScriptCaches (85ms)
			SetupLoadedEditorAssemblies (513ms)
				LogAssemblyErrors (0ms)
				InitializePlatformSupportModulesInManaged (7ms)
				SetLoadedEditorAssemblies (1ms)
				RefreshPlugins (1ms)
				BeforeProcessingInitializeOnLoad (102ms)
				ProcessInitializeOnLoadAttributes (380ms)
				ProcessInitializeOnLoadMethodAttributes (15ms)
				AfterProcessingInitializeOnLoad (6ms)
				EditorAssembliesLoaded (0ms)
			ExecutionOrderSort2 (0ms)
			AwakeInstancesAfterBackupRestoration (28ms)
Platform modules already initialized, skipping
Refreshing native plugins compatible for Editor in 1.25 ms, found 4 plugins.
Preloading 0 native plugins for Editor in 0.00 ms.
Unloading 3674 Unused Serialized files (Serialized files now loaded: 0)
System memory in use before: 219.3 MB.
System memory in use after: 219.5 MB.

Unloading 18 unused Assets to reduce memory usage. Loaded Objects now: 4256.
Total: 4.802900 ms (FindLiveObjects: 0.563100 ms CreateObjectMapping: 0.175100 ms MarkObjects: 4.025100 ms  DeleteObjects: 0.037800 ms)

AssetImportParameters requested are different than current active one (requested -> active):
  custom:framework-win-MediaFoundation: 216162199b28c13a410421893ffa2e32 -> 
  custom:video-decoder-ogg-theora: a1e56fd34408186e4bbccfd4996cb3dc -> 
  custom:container-muxer-webm: aa71ff27fc2769a1b78a27578f13a17b -> 
  custom:container-demuxer-webm: 4f35f7cbe854078d1ac9338744f61a02 -> 
  custom:container-demuxer-ogg: 62fdf1f143b41e24485cea50d1cbac27 -> 
  custom:video-encoder-webm-vp8: eb34c28f22e8b96e1ab97ce403110664 -> 
  custom:video-decoder-webm-vp8: 9c59270c3fd7afecdb556c50c9e8de78 -> 
  custom:audio-decoder-ogg-vorbis: bf7c407c2cedff20999df2af8eb42d56 -> 
  custom:audio-encoder-webm-vorbis: bf7c407c2cedff20999df2af8eb42d56 -> 
========================================================================
Received Import Request.
  Time since last request: 60.931587 seconds.
  path: Assets/Resources/Textures/Player/hat.png
  artifactKey: Guid(5c95c86cfe1d37e4c89c7997c1a1f321) Importer(815301076,1909f56bfc062723c751e8b465ee728b)
Start importing Assets/Resources/Textures/Player/hat.png using Guid(5c95c86cfe1d37e4c89c7997c1a1f321) Importer(815301076,1909f56bfc062723c751e8b465ee728b)  -> (artifact id: '7220618df22789c10976aeb08babc701') in 0.111628 seconds 
========================================================================
Received Import Request.
  Time since last request: 0.000290 seconds.
  path: Assets/Resources/Textures/Player/WalkFrog.png
  artifactKey: Guid(cf28b4c602596c84c943a1f7199e1f4a) Importer(815301076,1909f56bfc062723c751e8b465ee728b)
Start importing Assets/Resources/Textures/Player/WalkFrog.png using Guid(cf28b4c602596c84c943a1f7199e1f4a) Importer(815301076,1909f56bfc062723c751e8b465ee728b)  -> (artifact id: '020822978bbbc1e6e3e307bd5531823e') in 0.105879 seconds 
========================================================================
Received Import Request.
  Time since last request: 0.000330 seconds.
  path: Assets/Resources/Textures/Player/IdleFrog.png
  artifactKey: Guid(5e07d00741c9b7d449157876bc28368e) Importer(815301076,1909f56bfc062723c751e8b465ee728b)
Start importing Assets/Resources/Textures/Player/IdleFrog.png using Guid(5e07d00741c9b7d449157876bc28368e) Importer(815301076,1909f56bfc062723c751e8b465ee728b)  -> (artifact id: '8c4f0b2c89500a9eac157a71e5349443') in 0.089242 seconds 
========================================================================
Received Import Request.
  Time since last request: 0.000324 seconds.
  path: Assets/Resources/Textures/Player/PlayerIcon.png
  artifactKey: Guid(ad47193d92d4905499647ddd5217f98f) Importer(815301076,1909f56bfc062723c751e8b465ee728b)
Start importing Assets/Resources/Textures/Player/PlayerIcon.png using Guid(ad47193d92d4905499647ddd5217f98f) Importer(815301076,1909f56bfc062723c751e8b465ee728b)  -> (artifact id: '5f69dc99095de954cf87a6cfdc62ba05') in 0.021315 seconds 
========================================================================
Received Import Request.
  Time since last request: 0.000298 seconds.
  path: Assets/Resources/Textures/Player/HitFrog.png
  artifactKey: Guid(b590399451f508e4c8ca34c26b928a42) Importer(815301076,1909f56bfc062723c751e8b465ee728b)
Start importing Assets/Resources/Textures/Player/HitFrog.png using Guid(b590399451f508e4c8ca34c26b928a42) Importer(815301076,1909f56bfc062723c751e8b465ee728b)  -> (artifact id: '67b7ca6a263a466bdead04e6875035a3') in 0.037913 seconds 
========================================================================
Received Import Request.
  Time since last request: 0.000348 seconds.
  path: Assets/Resources/Textures/Player/ActionFrog.png
  artifactKey: Guid(0911a79f6b8d2fb4dad466efac654360) Importer(815301076,1909f56bfc062723c751e8b465ee728b)
Start importing Assets/Resources/Textures/Player/ActionFrog.png using Guid(0911a79f6b8d2fb4dad466efac654360) Importer(815301076,1909f56bfc062723c751e8b465ee728b)  -> (artifact id: '93b0c1b7c0277357eb7336e73a9e8b1f') in 0.025567 seconds 
========================================================================
Received Import Request.
  Time since last request: 0.000333 seconds.
  path: Assets/Resources/Textures/Player/JumpFrog.png
  artifactKey: Guid(7a982a76ae5dd1143b1ad5109bf407b9) Importer(815301076,1909f56bfc062723c751e8b465ee728b)
Start importing Assets/Resources/Textures/Player/JumpFrog.png using Guid(7a982a76ae5dd1143b1ad5109bf407b9) Importer(815301076,1909f56bfc062723c751e8b465ee728b)  -> (artifact id: '461b7be0fbf6bc6dbc3240d1d563a369') in 0.064204 seconds 
========================================================================
Received Import Request.
  Time since last request: 0.000316 seconds.
  path: Assets/Resources/Textures/Player/debufIcone.png
  artifactKey: Guid(e04255382035f0842abf1486b3b61634) Importer(815301076,1909f56bfc062723c751e8b465ee728b)
Start importing Assets/Resources/Textures/Player/debufIcone.png using Guid(e04255382035f0842abf1486b3b61634) Importer(815301076,1909f56bfc062723c751e8b465ee728b)  -> (artifact id: '639095aa9f879ec11bd96c5417291749') in 0.037105 seconds 
========================================================================
Received Import Request.
  Time since last request: 14.015655 seconds.
  path: Assets/Resources/Textures/Interactables/apple/apple.tga
  artifactKey: Guid(d3779ac893b6cce43ab193c6fc23a2aa) Importer(815301076,1909f56bfc062723c751e8b465ee728b)
Start importing Assets/Resources/Textures/Interactables/apple/apple.tga using Guid(d3779ac893b6cce43ab193c6fc23a2aa) Importer(815301076,1909f56bfc062723c751e8b465ee728b)  -> (artifact id: '61aca4c9c8ee1aafe34ab525c64f6f4c') in 0.040783 seconds 
========================================================================
Received Import Request.
  Time since last request: 25.009743 seconds.
  path: Assets/Resources/Textures/Interactables/switch/switch.png
  artifactKey: Guid(225fa448550d14c409d36a3d52e2c00c) Importer(815301076,1909f56bfc062723c751e8b465ee728b)
Start importing Assets/Resources/Textures/Interactables/switch/switch.png using Guid(225fa448550d14c409d36a3d52e2c00c) Importer(815301076,1909f56bfc062723c751e8b465ee728b)  -> (artifact id: '78913043dadada1427f10ee9a71cbd9b') in 0.036187 seconds 
========================================================================
Received Import Request.
  Time since last request: 0.000345 seconds.
  path: Assets/Resources/Textures/Interactables/switch/SwitchStick.png
  artifactKey: Guid(9d49571a56ee21e4a9fefd23d478754e) Importer(815301076,1909f56bfc062723c751e8b465ee728b)
Start importing Assets/Resources/Textures/Interactables/switch/SwitchStick.png using Guid(9d49571a56ee21e4a9fefd23d478754e) Importer(815301076,1909f56bfc062723c751e8b465ee728b)  -> (artifact id: 'd2300752e36d27986b80775f16cc2096') in 0.038049 seconds 
========================================================================
Received Import Request.
  Time since last request: 4.814491 seconds.
  path: Assets/Resources/Textures/Enemies/Shroom
  artifactKey: Guid(b32ce412e2b2b5d45be65772c9ba2d97) Importer(815301076,1909f56bfc062723c751e8b465ee728b)
Start importing Assets/Resources/Textures/Enemies/Shroom using Guid(b32ce412e2b2b5d45be65772c9ba2d97) Importer(815301076,1909f56bfc062723c751e8b465ee728b)  -> (artifact id: 'cb1fb8564927d5296ce51fa994209fd3') in 0.010738 seconds 
========================================================================
Received Import Request.
  Time since last request: 0.102026 seconds.
  path: Assets/Resources/Textures/Enemies/Shroom/Mushroom.png
  artifactKey: Guid(a4e0494c7929d5641adf0904bf5c87e5) Importer(815301076,1909f56bfc062723c751e8b465ee728b)
Start importing Assets/Resources/Textures/Enemies/Shroom/Mushroom.png using Guid(a4e0494c7929d5641adf0904bf5c87e5) Importer(815301076,1909f56bfc062723c751e8b465ee728b)  -> (artifact id: 'b53b18163944356b28eeb2f3d75ab07c') in 0.040850 seconds 
========================================================================
Received Import Request.
  Time since last request: 20.162389 seconds.
  path: Assets/Resources/Textures/Enemies/Spiky/WalkSpiky.png
  artifactKey: Guid(c59ce9149ca7cd9489edde2df52bdf83) Importer(815301076,1909f56bfc062723c751e8b465ee728b)
Start importing Assets/Resources/Textures/Enemies/Spiky/WalkSpiky.png using Guid(c59ce9149ca7cd9489edde2df52bdf83) Importer(815301076,1909f56bfc062723c751e8b465ee728b)  -> (artifact id: 'af0ef6285b5237ed74c393a7050148e1') in 0.055929 seconds 
========================================================================
Received Import Request.
  Time since last request: 0.000327 seconds.
  path: Assets/Resources/Textures/Enemies/Spiky/HitSpiky.png
  artifactKey: Guid(908500ba82aa685429b4067328be4f42) Importer(815301076,1909f56bfc062723c751e8b465ee728b)
Start importing Assets/Resources/Textures/Enemies/Spiky/HitSpiky.png using Guid(908500ba82aa685429b4067328be4f42) Importer(815301076,1909f56bfc062723c751e8b465ee728b)  -> (artifact id: '4f4741b6599bdb2faca2df6d17474966') in 0.083549 seconds 
AssetImportWorkerClient::OnTransportError - code=2 error=End of file
